{"numFailedTestSuites":0,"numFailedTests":0,"numPassedTestSuites":1,"numPassedTests":3,"numPendingTestSuites":0,"numPendingTests":0,"numRuntimeErrorTestSuites":0,"numTodoTests":0,"numTotalTestSuites":1,"numTotalTests":3,"openHandles":[],"snapshot":{"added":0,"didUpdate":false,"failure":false,"filesAdded":0,"filesRemoved":0,"filesRemovedList":[],"filesUnmatched":0,"filesUpdated":0,"matched":0,"total":0,"unchecked":0,"uncheckedKeysByFile":[],"unmatched":0,"updated":0},"startTime":1694427486118,"success":true,"testResults":[{"assertionResults":[{"ancestorTitles":[],"failureMessages":[],"fullName":"Display result button disabled after adding only first number","location":null,"status":"passed","title":"Display result button disabled after adding only first number"},{"ancestorTitles":[],"failureMessages":[],"fullName":"Display result button disabled after adding only second number","location":null,"status":"passed","title":"Display result button disabled after adding only second number"},{"ancestorTitles":[],"failureMessages":[],"fullName":"Add two numbers and display result","location":null,"status":"passed","title":"Add two numbers and display result"}],"endTime":1694427488969,"message":"","name":"/Users/skuad/Desktop/SAMPLE REPOS/Add 2 numbers/src/__tests__/1.test.js","startTime":1694427486894,"status":"passed","summary":""}],"wasInterrupted":false}